JvmtiExport can_access_local_variables 0
JvmtiExport can_hotswap_or_post_breakpoint 1
JvmtiExport can_post_on_exceptions 0
# 407 ciObject found
ciInstanceKlass java/util/Arrays$ArrayList 1 1 119 1 7 1 1 7 1 100 1 100 1 7 1 1 7 1 1 1 5 0 1 1 1 1 1 1 1 12 10 1 7 1 1 12 10 7 12 9 1 1 1 1 1 1 12 10 1 1 12 10 1 7 1 1 12 10 1 7 1 1 12 10 1 1 1 1 1 1 1 1 1 1 12 10 1 12 10 1 1 1 1 100 1 12 10 1 1 1 1 7 1 1 12 11 1 1 1 1 100 1 12 11 1 1 1 1 12 10 1 1 1 12 10 1 1 1 1 1 1
ciInstanceKlass jdk/internal/util/Preconditions 1 1 138 1 7 1 7 1 7 1 1 12 10 1 1 1 1 7 1 1 12 11 1 7 1 1 12 11 1 7 1 100 1 1 12 10 1 12 10 1 1 1 1 8 1 7 1 7 1 1 12 10 12 10 1 1 1 1 8 1 1 8 1 1 1 100 1 12 10 1 1 1 1 1 1 12 10 1 1 8 1 7 1 1 12 10 1 8 1 1 12 10 1 1 12 10 1 12 11 1 8 1 8 1 1 12 11 1 8 1 8 1 8 1 1 1 12 10 1 1 12 10 12 10 1 1 12 10 1 1 12 10 12 10 1 1 1 1 1 1
instanceKlass java/util/ArrayList$ListItr
ciInstanceKlass java/util/ArrayList$Itr 1 1 88 1 7 1 1 7 1 100 1 7 1 1 1 1 1 1 1 1 1 12 9 1 12 10 12 9 1 12 9 12 9 1 1 12 9 1 12 9 1 1 1 1 12 10 1 100 10 1 1 12 9 1 100 10 100 1 1 100 1 100 10 1 12 10 1 1 1 1 100 1 1 12 10 1 1 12 10 1 100 1 1 12 11 1 1 1 1 1
ciInstanceKlass java/util/function/BiFunction 1 1 51 1 100 1 1 100 1 1 100 1 100 1 1 1 1 1 1 1 1 100 1 1 12 10 16 1 1 12 11 15 1 100 1 1 12 10 15 1 12 18 12 11 1 100 12 11 1 1 1 1 1
instanceKlass org/eclipse/jdt/internal/core/search/matching/MatchingNodeSet$1
instanceKlass org/eclipse/jdt/internal/compiler/util/HashtableOfLong
instanceKlass org/eclipse/jdt/internal/core/search/matching/MatchingNodeSet
instanceKlass org/eclipse/jdt/internal/core/search/matching/PossibleMatch
instanceKlass org/eclipse/jdt/internal/core/search/matching/MatchLocator$1
instanceKlass org/eclipse/jdt/internal/core/search/matching/PossibleMatchSet
instanceKlass org/eclipse/jdt/internal/core/search/matching/PatternLocator
instanceKlass org/eclipse/jdt/internal/compiler/lookup/Scope$3
instanceKlass java/util/stream/ReduceOps$2ReducingSink
instanceKlass org/eclipse/jdt/ls/core/internal/corrections/proposals/ReorgCorrectionsSubProcessor
instanceKlass org/eclipse/lsp4j/adapters/CompletionItemTextEditTypeAdapter
instanceKlass org/eclipse/lsp4j/InsertReplaceEdit
instanceKlass org/eclipse/jdt/ls/core/internal/handlers/CompletionResponses
instanceKlass org/eclipse/lsp4j/CompletionContext
instanceKlass org/eclipse/jdt/internal/compiler/parser/diagnose/DiagnoseParser$SecondaryRepairInfo
instanceKlass org/eclipse/jdt/ls/core/internal/javadoc/JavadocContentAccess2$JavadocLookup$6
instanceKlass org/eclipse/jdt/internal/corext/dom/ScopeAnalyzer$DefaultBindingRequestor
instanceKlass org/eclipse/jdt/internal/corext/dom/ScopeAnalyzer$IBindingRequestor
instanceKlass org/eclipse/jdt/internal/corext/dom/ScopeAnalyzer
instanceKlass org/eclipse/jdt/internal/corext/codemanipulation/RedundantNullnessTypeAnnotationsFilter
instanceKlass org/eclipse/jdt/internal/corext/refactoring/code/ConstantChecks
instanceKlass org/eclipse/jdt/internal/compiler/env/AccessRestriction
instanceKlass org/eclipse/jdt/ls/core/internal/corext/refactoring/ExceptionInfo
instanceKlass org/eclipse/core/internal/runtime/PrintStackUtil
instanceKlass org/eclipse/core/internal/filesystem/Policy
instanceKlass lombok/core/configuration/ConfigurationSource
instanceKlass sun/net/www/http/KeepAliveStream$1
instanceKlass sun/net/www/http/KeepAliveCleanerEntry
instanceKlass sun/security/ssl/PreSharedKeyExtension$SHPreSharedKeySpec
instanceKlass sun/security/ssl/SSLEngineOutputRecord$RecordMemo
instanceKlass sun/security/ssl/SSLEngineOutputRecord$HandshakeFragment
instanceKlass sun/security/ssl/PreSharedKeyExtension$CHPreSharedKeySpec
instanceKlass sun/security/ssl/PreSharedKeyExtension$PskIdentity
instanceKlass sun/net/www/protocol/http/HttpURLConnection$10
instanceKlass sun/security/ssl/SSLBasicKeyDerivation$SecretSizeSpec
instanceKlass sun/security/ssl/SSLBasicKeyDerivation
instanceKlass sun/security/provider/certpath/CertId
instanceKlass sun/security/provider/certpath/OCSPResponse$SingleResponse
instanceKlass sun/security/provider/certpath/OCSP$RevocationStatus
instanceKlass sun/security/provider/certpath/ResponderId
instanceKlass sun/security/provider/certpath/OCSPResponse
instanceKlass sun/security/ssl/CertStatusExtension$CertStatusResponse
instanceKlass sun/security/ssl/CertStatusExtension$CertStatusResponseSpec
instanceKlass sun/security/ssl/CertificateMessage$CertificateEntry
instanceKlass sun/security/ssl/SSLTrafficKeyDerivation$T13TrafficKeyDerivation
instanceKlass sun/security/ssl/SSLSecretDerivation
instanceKlass javax/crypto/MacSpi
instanceKlass javax/crypto/Mac
instanceKlass sun/security/ssl/HKDF
instanceKlass sun/security/ssl/XDHKeyExchange$XDHEKAGenerator
instanceKlass sun/security/ssl/XDHKeyExchange
instanceKlass sun/security/ssl/KeyShareExtension$SHKeyShareSpec
instanceKlass sun/security/ssl/HandshakeHash$T13HandshakeHash
instanceKlass sun/security/ssl/SupportedVersionsExtension$SHSupportedVersionsSpec
instanceKlass org/eclipse/jdt/ls/core/internal/handlers/FileEventHandler
instanceKlass org/eclipse/lsp4j/FileRename
instanceKlass org/eclipse/lsp4j/proposed/InlayHintLabelPart
instanceKlass org/eclipse/jdt/internal/compiler/ISourceElementRequestor$TypeParameterInfo
instanceKlass org/eclipse/jdt/internal/core/SourceMapper$LocalVariableElementKey
instanceKlass org/eclipse/jdt/internal/core/JavaModelManager$InvalidArchiveInfo
instanceKlass org/eclipse/jdt/internal/core/util/MementoTokenizer
instanceKlass org/eclipse/jdt/internal/core/hierarchy/TypeHierarchy$1
instanceKlass org/eclipse/jdt/ls/core/internal/commands/BuildPathCommand$1
instanceKlass org/eclipse/jdt/internal/core/util/BindingKeyParser$Scanner
instanceKlass org/eclipse/jdt/internal/core/util/BindingKeyParser
instanceKlass org/eclipse/jdt/core/BindingKey
instanceKlass org/eclipse/jdt/internal/core/DeltaProcessor$4
instanceKlass org/eclipse/jdt/internal/core/hierarchy/ChangeCollector
instanceKlass com/overzealous/remark/convert/AbstractNodeHandler
instanceKlass com/overzealous/remark/convert/TextCleaner$Escape
instanceKlass com/overzealous/remark/convert/TextCleaner
instanceKlass com/overzealous/remark/convert/NodeHandler
instanceKlass com/overzealous/remark/convert/DocumentConverter
instanceKlass org/jsoup/select/NodeVisitor
instanceKlass org/jsoup/nodes/Node
instanceKlass org/jsoup/safety/Cleaner
instanceKlass org/jsoup/safety/Safelist$TypedValue
instanceKlass org/jsoup/helper/Validate
instanceKlass org/jsoup/safety/Safelist
instanceKlass com/overzealous/remark/Remark
instanceKlass com/overzealous/remark/Options
instanceKlass org/eclipse/jdt/ls/core/internal/javadoc/AbstractJavaDocConverter
instanceKlass lombok/permit/Permit$Fake
instanceKlass lombok/permit/Permit
instanceKlass lombok/core/FieldAugment
instanceKlass lombok/eclipse/EcjAugments
instanceKlass lombok/eclipse/agent/PatchJavadoc
instanceKlass org/eclipse/jdt/internal/corext/refactoring/code/InlineMethodRefactoring$Mode
instanceKlass lombok/core/LombokNode
instanceKlass lombok/core/DiagnosticsReceiver
instanceKlass org/eclipse/jdt/internal/corext/refactoring/code/TargetProvider
instanceKlass org/eclipse/jdt/internal/corext/refactoring/code/SourceAnalyzer
instanceKlass org/eclipse/jdt/internal/corext/refactoring/code/ParameterData
instanceKlass org/eclipse/jdt/internal/corext/refactoring/code/SourceProvider
instanceKlass lombok/launch/PatchFixesHider$Util
instanceKlass lombok/launch/PatchFixesHider$Javadoc
instanceKlass org/eclipse/jdt/ls/core/internal/javadoc/JavadocContentAccess2$JavadocLookup$5
instanceKlass org/eclipse/jdt/ls/core/internal/javadoc/JavadocContentAccess2$JavadocLookup$4
instanceKlass org/eclipse/jdt/internal/corext/util/SuperTypeHierarchyCache$HierarchyCacheEntry
instanceKlass org/eclipse/jdt/core/ITypeHierarchyChangedListener
instanceKlass org/eclipse/jdt/internal/corext/util/SuperTypeHierarchyCache
instanceKlass org/eclipse/jdt/ls/core/internal/javadoc/JavadocContentAccess2$InheritDocVisitor$2
instanceKlass org/eclipse/jdt/ls/core/internal/javadoc/JavadocContentAccess2$InheritDocVisitor$1
instanceKlass org/eclipse/jdt/ls/core/internal/javadoc/JavadocContentAccess2$InheritDocVisitor
instanceKlass org/eclipse/jdt/ls/core/internal/javadoc/JavadocContentAccess2$JavadocLookup$2
instanceKlass org/eclipse/jdt/ls/core/internal/javadoc/JavaDocSnippetStringEvaluator
instanceKlass org/eclipse/jdt/ls/core/internal/javadoc/JavadocContentAccess2$JavadocLookup$DescriptionGetter
instanceKlass org/eclipse/jdt/ls/core/internal/javadoc/JavadocContentAccess2$JavadocLookup
instanceKlass org/eclipse/jdt/ls/core/internal/javadoc/JavadocContentAccess2
instanceKlass org/eclipse/jdt/internal/compiler/lookup/InferenceContext18$2
instanceKlass org/eclipse/jdt/internal/compiler/lookup/BoundSet$ThreeSets
instanceKlass org/eclipse/jdt/internal/compiler/lookup/InferenceVariable$InferenceVarKey
instanceKlass org/eclipse/jdt/internal/compiler/lookup/BoundSet
instanceKlass org/eclipse/jdt/internal/compiler/lookup/ParameterizedMethodBinding$1
instanceKlass org/eclipse/jdt/ls/core/internal/handlers/FindLinksHandler
instanceKlass org/eclipse/lsp4j/MarkupContent
instanceKlass org/eclipse/lsp4j/MarkedString
instanceKlass org/eclipse/lsp4j/adapters/HoverTypeAdapter$Factory
instanceKlass org/eclipse/jdt/core/dom/BindingComparator
instanceKlass org/eclipse/jdt/ls/core/internal/text/correction/RefactorProposalUtility$MoveFileInfo
instanceKlass org/eclipse/jdt/internal/corext/refactoring/RefactoringAvailabilityTesterCore
instanceKlass org/eclipse/jdt/internal/corext/refactoring/util/JavaElementUtil
instanceKlass org/eclipse/jdt/ls/core/internal/text/correction/RefactorProposalUtility$MoveMemberInfo
instanceKlass org/eclipse/jdt/apt/core/internal/util/TestCodeUtil
instanceKlass org/eclipse/jdt/internal/core/dom/rewrite/SourceModifier
instanceKlass org/eclipse/jdt/internal/formatter/linewrap/WrapExecutor$WrapResult
instanceKlass org/eclipse/jdt/internal/formatter/linewrap/WrapExecutor$WrapInfo
instanceKlass org/eclipse/jdt/internal/formatter/linewrap/WrapExecutor
instanceKlass org/eclipse/jdt/internal/formatter/Token$WrapPolicy
instanceKlass org/eclipse/jdt/internal/formatter/linewrap/Aligner
instanceKlass org/eclipse/jdt/internal/core/util/RecordedParsingInformation
instanceKlass org/eclipse/jdt/internal/compiler/batch/CompilationUnit
instanceKlass org/eclipse/jdt/internal/core/util/CodeSnippetParsingUtil
instanceKlass org/eclipse/jdt/internal/formatter/Token
instanceKlass org/eclipse/jdt/internal/formatter/TokenManager
instanceKlass org/eclipse/jdt/apt/core/internal/generatedfile/GeneratedFileManager$GeneratedPackageFragmentRoot
instanceKlass org/eclipse/jdt/apt/core/internal/util/ManyToMany
instanceKlass org/eclipse/jdt/internal/core/dom/rewrite/TokenScanner
instanceKlass org/eclipse/jdt/apt/core/internal/generatedfile/WorkingCopyCleanupListener
instanceKlass org/eclipse/jdt/apt/core/internal/generatedfile/CompilationUnitHelper
instanceKlass org/eclipse/jdt/core/dom/rewrite/TargetSourceRangeComputer$SourceRange
instanceKlass org/eclipse/jdt/internal/core/dom/rewrite/LineCommentEndOffsets
instanceKlass org/eclipse/jdt/apt/core/internal/generatedfile/GeneratedFileManager
instanceKlass org/eclipse/jdt/core/formatter/IndentManipulation
instanceKlass org/eclipse/jdt/internal/core/dom/rewrite/ASTRewriteFormatter$BlockFormattingPrefix
instanceKlass org/eclipse/jdt/internal/core/dom/rewrite/ASTRewriteFormatter$BlockFormattingPrefixSuffix
instanceKlass org/eclipse/jdt/internal/core/dom/rewrite/ASTRewriteFormatter$FormattingPrefix
instanceKlass org/eclipse/jdt/internal/core/dom/rewrite/ASTRewriteFormatter$ConstPrefix
instanceKlass org/eclipse/jdt/internal/core/dom/rewrite/ASTRewriteFormatter$BlockContext
instanceKlass org/eclipse/jdt/internal/core/dom/rewrite/ASTRewriteFormatter$Prefix
instanceKlass org/eclipse/jdt/internal/core/dom/rewrite/ASTRewriteFormatter
instanceKlass org/eclipse/jdt/apt/core/internal/generatedfile/GeneratedSourceFolderManager
instanceKlass org/eclipse/jdt/apt/core/internal/AptProject
instanceKlass org/eclipse/text/edits/ISourceModifier
instanceKlass org/eclipse/jdt/internal/core/dom/rewrite/ASTRewriteAnalyzer$ListRewriter
instanceKlass org/eclipse/jdt/internal/core/dom/rewrite/LineInformation
instanceKlass org/eclipse/jdt/internal/core/dom/rewrite/RewriteEventStore$ParentIterator
instanceKlass org/eclipse/jdt/internal/core/dom/rewrite/RewriteEventStore$EventHolder
instanceKlass org/eclipse/jdt/internal/core/dom/rewrite/RewriteEventStore$CopySourceInfo
instanceKlass org/eclipse/jdt/internal/core/dom/rewrite/RewriteEventStore$PropertyLocation
instanceKlass org/eclipse/jdt/internal/compiler/ReadManager
instanceKlass org/eclipse/jdt/internal/core/builder/AbstractImageBuilder$1
instanceKlass org/eclipse/jdt/internal/core/builder/BatchImageBuilder$3
instanceKlass org/eclipse/core/internal/localstore/DeleteVisitor
instanceKlass org/eclipse/core/internal/resources/MoveDeleteHook
instanceKlass org/eclipse/core/internal/resources/ResourceTree
instanceKlass org/eclipse/core/resources/IResourceVisitor
instanceKlass org/eclipse/jdt/internal/compiler/ClassFile$2
instanceKlass org/codehaus/plexus/util/SelectorUtils
instanceKlass org/eclipse/core/internal/watson/DefaultElementComparator
instanceKlass org/eclipse/core/internal/dtree/DataTreeWriter
instanceKlass org/eclipse/core/internal/watson/ElementTreeWriter$1
instanceKlass org/eclipse/core/internal/watson/ElementTreeWriter
instanceKlass java/io/ObjectOutputStream$ReplaceTable
instanceKlass java/io/ObjectOutputStream$HandleTable
instanceKlass java/util/stream/Nodes$AbstractConcNode
instanceKlass java/util/function/LongFunction
instanceKlass org/eclipse/jdt/internal/core/JavaModelManager$VariablesAndContainersSaveHelper
instanceKlass org/eclipse/core/internal/resources/SaveManager$1
instanceKlass org/eclipse/core/internal/resources/SaveContext
instanceKlass org/eclipse/jdt/internal/core/util/ResourceCompilationUnit
instanceKlass org/eclipse/jdt/internal/core/ModuleSourcePathManager$IPrefixMatcherCharArray
instanceKlass org/eclipse/jdt/internal/core/ModuleSourcePathManager
instanceKlass org/eclipse/jdt/internal/core/search/matching/JavaSearchNameEnvironment
instanceKlass org/eclipse/jdt/internal/core/search/matching/IndexBasedJavaSearchEnvironment
instanceKlass org/eclipse/jdt/internal/core/index/DiskIndex$IntList
instanceKlass org/eclipse/jdt/internal/core/Buffer$1
instanceKlass org/eclipse/core/internal/localstore/UnifiedTreeNode
instanceKlass org/eclipse/core/internal/localstore/UnifiedTree
instanceKlass org/eclipse/jdt/ls/core/internal/handlers/BaseDocumentLifeCycleHandler$6
instanceKlass org/eclipse/jdt/ls/core/internal/cleanup/TryWithResourceCleanUp
instanceKlass org/eclipse/jdt/ls/core/internal/cleanup/LambdaExpressionCleanup
instanceKlass org/eclipse/jdt/ls/core/internal/cleanup/InstanceofPatternMatch
instanceKlass org/eclipse/jdt/ls/core/internal/cleanup/SwitchExpressionCleanup
instanceKlass org/eclipse/jdt/ls/core/internal/cleanup/VariableDeclarationFixCleanup
instanceKlass org/eclipse/jdt/ls/core/internal/cleanup/InvertEqualsCleanUp
instanceKlass org/eclipse/jdt/ls/core/internal/cleanup/StringConcatToTextBlockCleanUp
instanceKlass org/eclipse/jdt/ls/core/internal/cleanup/AddDeprecatedAnnotationCleanUp
instanceKlass org/eclipse/jdt/ls/core/internal/cleanup/AddOverrideAnnotationCleanUp
instanceKlass org/eclipse/jdt/ls/core/internal/cleanup/StaticAccessUsesClassNameCleanUp
instanceKlass org/eclipse/jdt/ls/core/internal/cleanup/MemberAccessUsesThisCleanUp
instanceKlass org/eclipse/jdt/ls/core/internal/cleanup/ISimpleCleanUp
instanceKlass org/eclipse/jdt/ls/core/internal/cleanup/CleanUpRegistry
instanceKlass org/eclipse/jdt/ls/core/internal/commands/OrganizeImportsCommand
instanceKlass java/text/DontCareFieldPosition$1
instanceKlass java/text/Format$FieldDelegate
instanceKlass org/eclipse/jdt/internal/corext/refactoring/code/CodeRefactoringUtil
instanceKlass org/eclipse/jdt/core/manipulation/SharedASTProviderCore$WAIT_FLAG
instanceKlass org/eclipse/jdt/core/manipulation/SharedASTProviderCore
instanceKlass java/util/Spliterators$IntArraySpliterator
instanceKlass org/eclipse/jdt/internal/compiler/parser/diagnose/DiagnoseParser$StateInfo
instanceKlass org/eclipse/jdt/internal/compiler/parser/diagnose/DiagnoseParser$RepairCandidate
instanceKlass org/eclipse/jdt/internal/compiler/parser/diagnose/DiagnoseParser$PrimaryRepairInfo
instanceKlass org/eclipse/jdt/internal/compiler/parser/diagnose/LexStream$Token
instanceKlass org/eclipse/jdt/internal/compiler/parser/diagnose/LexStream
instanceKlass org/eclipse/jdt/internal/compiler/parser/diagnose/DiagnoseParser
instanceKlass org/eclipse/jdt/internal/compiler/parser/RecoveryScannerData
instanceKlass org/eclipse/jdt/internal/compiler/parser/diagnose/RangeUtil$RangeResult
instanceKlass org/eclipse/jdt/internal/compiler/parser/diagnose/RangeUtil
instanceKlass org/eclipse/jdt/ls/core/internal/handlers/BaseDocumentLifeCycleHandler$5
instanceKlass org/eclipse/lsp4j/TextDocumentContentChangeEvent
instanceKlass org/eclipse/jface/text/TreeLineTracker$Node
instanceKlass org/eclipse/jface/text/TreeLineTracker
instanceKlass org/eclipse/jface/text/TextUtilities
instanceKlass org/eclipse/jface/text/templates/TemplateVariableType
instanceKlass org/eclipse/jface/text/templates/TemplateTranslator$VariableDescription
instanceKlass org/eclipse/jdt/internal/corext/CorextCore
instanceKlass org/eclipse/jdt/ls/core/internal/corext/refactoring/TypeContextChecker$MethodTypesSyntaxChecker
instanceKlass org/eclipse/jdt/ls/core/internal/corext/refactoring/TypeContextChecker
instanceKlass org/eclipse/jdt/internal/corext/refactoring/util/RefactoringASTParser
instanceKlass org/eclipse/jdt/internal/corext/util/MethodOverrideTester
instanceKlass org/eclipse/jdt/internal/core/hierarchy/HierarchyType
instanceKlass org/eclipse/jdt/internal/core/hierarchy/HierarchyBinaryType
instanceKlass org/eclipse/jdt/internal/core/hierarchy/IndexBasedHierarchyBuilder$1
instanceKlass org/eclipse/jdt/internal/core/Region$Node
instanceKlass org/eclipse/jdt/internal/core/Region
instanceKlass java/util/stream/Streams$2
instanceKlass java/util/stream/Streams$ConcatSpliterator
instanceKlass org/eclipse/jdt/internal/core/search/indexing/QualifierQuery
instanceKlass org/eclipse/jdt/internal/core/hierarchy/IndexBasedHierarchyBuilder$SubtypeQuery
instanceKlass org/eclipse/jdt/internal/core/hierarchy/IndexBasedHierarchyBuilder$Queue
instanceKlass org/eclipse/jdt/internal/core/hierarchy/IndexBasedHierarchyBuilder$1PathCollector
instanceKlass org/eclipse/jdt/internal/core/hierarchy/BindingMap
instanceKlass org/eclipse/jdt/internal/core/hierarchy/HierarchyResolver
instanceKlass org/eclipse/jdt/internal/core/IPathRequestor
instanceKlass org/eclipse/jdt/internal/core/TypeVector
instanceKlass org/eclipse/jdt/ls/core/internal/corext/refactoring/rename/MethodChecks
instanceKlass org/eclipse/jdt/ls/core/internal/corext/refactoring/ReturnTypeInfo
instanceKlass org/eclipse/jdt/ls/core/internal/corext/refactoring/ParameterInfo
instanceKlass org/eclipse/jdt/ls/core/internal/corext/refactoring/ChangeSignatureProcessor$OccurrenceUpdate
instanceKlass org/eclipse/jdt/ls/core/internal/corext/refactoring/code/SnippetFinder$Match
instanceKlass org/eclipse/jdt/core/dom/ASTMatcher
instanceKlass org/eclipse/jface/text/Region
instanceKlass org/eclipse/jdt/internal/corext/refactoring/code/flow/FlowInfo
instanceKlass org/eclipse/jdt/internal/corext/refactoring/code/flow/FlowContext$Enum
instanceKlass org/eclipse/jdt/internal/corext/refactoring/code/flow/FlowContext
instanceKlass org/eclipse/jdt/ls/core/internal/handlers/InlayHintFilterManager$InstanceHolder
instanceKlass org/eclipse/jdt/ls/core/internal/handlers/InlayHintFilterManager
instanceKlass java/util/regex/Pattern$1
instanceKlass lombok/eclipse/agent/PatchExtensionMethod$PostponedInvalidMethodError
instanceKlass lombok/AllArgsConstructor$AnyAnnotation
instanceKlass java/util/stream/Nodes$IntArrayNode
instanceKlass java/util/stream/Node$Builder$OfInt
instanceKlass java/util/function/ToIntFunction
instanceKlass org/eclipse/jdt/internal/compiler/parser/Scanner$Goal
instanceKlass lombok/eclipse/agent/PatchValEclipse
instanceKlass lombok/eclipse/agent/PatchValEclipsePortal$Reflection
instanceKlass lombok/eclipse/agent/PatchValEclipsePortal
instanceKlass lombok/launch/PatchFixesHider$ValPortal
instanceKlass org/eclipse/core/internal/utils/StringPoolJob$1
instanceKlass org/eclipse/core/internal/utils/StringPool
instanceKlass org/eclipse/lsp4j/DocumentHighlight
instanceKlass org/eclipse/jdt/internal/core/manipulation/search/IOccurrencesFinder$OccurrenceLocation
instanceKlass org/eclipse/jdt/internal/core/manipulation/Messages
instanceKlass org/eclipse/jdt/internal/core/manipulation/util/BasicElementLabels
instanceKlass org/eclipse/jdt/internal/core/manipulation/search/ImplementOccurrencesFinder
instanceKlass org/eclipse/jdt/internal/ui/text/correction/ProblemLocationCore
instanceKlass org/eclipse/jdt/internal/core/manipulation/search/IOccurrencesFinder
instanceKlass org/eclipse/jdt/ls/core/internal/handlers/DocumentHighlightHandler
instanceKlass org/eclipse/jdt/internal/core/search/NameMatchRequestorWrapper
instanceKlass org/eclipse/jdt/internal/codeassist/SelectionEngine$2
instanceKlass org/eclipse/jdt/ls/core/internal/codemanipulation/PartialSortMembersOperation
instanceKlass java/util/stream/DistinctOps
instanceKlass org/eclipse/jdt/ls/core/internal/handlers/WorkspaceEventsHandler
instanceKlass org/eclipse/lsp4j/FileEvent
instanceKlass java/lang/Throwable$PrintStreamOrWriter
instanceKlass org/eclipse/jdt/ls/core/internal/handlers/BaseDocumentLifeCycleHandler$3
instanceKlass org/eclipse/jdt/internal/core/SearchableEnvironment$4
instanceKlass org/eclipse/jdt/internal/core/SearchableEnvironment$3
instanceKlass org/eclipse/jdt/internal/core/util/HandleFactory
instanceKlass org/eclipse/jdt/internal/core/SelectionRequestor
instanceKlass org/eclipse/jdt/ls/core/internal/HoverInfoProvider
instanceKlass org/eclipse/jdt/internal/compiler/parser/TypeConverter
instanceKlass org/eclipse/jdt/internal/codeassist/impl/AssistOptions
instanceKlass org/eclipse/jdt/internal/core/InternalNamingConventions
instanceKlass org/eclipse/jdt/core/NamingConventions
instanceKlass org/eclipse/jdt/internal/corext/codemanipulation/GetterSetterUtil
instanceKlass org/eclipse/text/edits/UndoCollector
instanceKlass org/eclipse/text/edits/TextEditProcessor
instanceKlass org/eclipse/text/edits/TextEdit$InsertionComparator
instanceKlass org/eclipse/jface/text/templates/TemplateBuffer
instanceKlass org/eclipse/jface/text/templates/TemplateVariable
instanceKlass org/eclipse/jface/text/templates/TemplateTranslator
instanceKlass org/eclipse/jface/text/templates/TemplateContext
instanceKlass org/eclipse/jdt/internal/core/manipulation/ProjectTemplateStore
instanceKlass org/eclipse/jdt/internal/core/manipulation/StubUtility
instanceKlass org/eclipse/jdt/core/manipulation/CodeGeneration
instanceKlass org/eclipse/osgi/util/TextProcessor
instanceKlass org/eclipse/jdt/internal/core/manipulation/util/Strings
instanceKlass org/eclipse/jdt/ls/core/internal/hover/JavaElementLabelComposer$FlexibleBuilder
instanceKlass org/eclipse/jdt/ls/core/internal/hover/JavaElementLabelComposer
instanceKlass org/eclipse/jdt/ls/core/internal/hover/JavaElementLabels
instanceKlass org/eclipse/jdt/core/dom/DefaultBindingResolver$1
instanceKlass org/eclipse/jdt/internal/corext/util/JdtFlags
instanceKlass lombok/eclipse/agent/PatchValEclipse
instanceKlass lombok/eclipse/agent/PatchValEclipsePortal$Reflection
instanceKlass lombok/eclipse/agent/PatchValEclipsePortal
instanceKlass lombok/launch/PatchFixesHider$ValPortal
instanceKlass org/eclipse/jdt/core/dom/PrefixExpression$Operator
instanceKlass org/eclipse/jdt/core/dom/InfixExpression$Operator
instanceKlass org/eclipse/jdt/core/dom/Assignment$Operator
instanceKlass org/eclipse/jdt/internal/compiler/ast/NullAnnotationMatching
instanceKlass lombok/eclipse/agent/PatchVal
instanceKlass lombok/launch/PatchFixesHider$Val
instanceKlass org/eclipse/jdt/internal/compiler/ast/MemberValuePair$2
instanceKlass org/eclipse/jdt/internal/compiler/lookup/ElementValuePair$UnresolvedEnumConstant
instanceKlass org/eclipse/jdt/internal/compiler/env/ClassSignature
instanceKlass org/eclipse/jdt/internal/core/ClassFileInfo$1
instanceKlass org/eclipse/jdt/internal/compiler/env/EnumConstantSignature
instanceKlass org/eclipse/jdt/internal/compiler/ISourceElementRequestor$FieldInfo
instanceKlass org/eclipse/jdt/internal/core/MemberValuePair
instanceKlass lombok/var
instanceKlass lombok/val
instanceKlass lombok/core/handlers/InclusionExclusionUtils$1
instanceKlass lombok/ToString$Exclude
instanceKlass lombok/ToString$Include
instanceKlass lombok/eclipse/handlers/EclipseHandlerUtil$GetterMethod
instanceKlass lombok/EqualsAndHashCode$AnyAnnotation
instanceKlass lombok/core/handlers/InclusionExclusionUtils$2
instanceKlass lombok/core/handlers/InclusionExclusionUtils$Included
instanceKlass lombok/EqualsAndHashCode$Exclude
instanceKlass lombok/EqualsAndHashCode$Include
instanceKlass lombok/core/handlers/InclusionExclusionUtils
instanceKlass lombok/eclipse/handlers/EclipseHandlerUtil$EclipseReflectiveMembers
instanceKlass lombok/core/configuration/AllowHelper
instanceKlass lombok/RequiredArgsConstructor$AnyAnnotation
instanceKlass lombok/core/AnnotationValues$1
instanceKlass lombok/experimental/FieldDefaults
instanceKlass lombok/core/handlers/HandlerUtil
instanceKlass lombok/core/AnnotationValues
instanceKlass lombok/core/AnnotationValues$AnnotationValue
instanceKlass lombok/NoArgsConstructor$AnyAnnotation
instanceKlass lombok/eclipse/EcjAugments
instanceKlass com/microsoft/java/debug/plugin/internal/ResolveMainMethodHandler$MainMethod
instanceKlass com/microsoft/java/debug/plugin/internal/JdtUtils
instanceKlass org/eclipse/jdt/core/Flags
instanceKlass com/microsoft/java/debug/plugin/internal/ResolveMainMethodHandler
instanceKlass com/microsoft/java/debug/plugin/internal/LogUtils
instanceKlass com/microsoft/java/debug/plugin/internal/JavaDebuggerServerPlugin
instanceKlass com/microsoft/java/debug/plugin/internal/JavaDebugDelegateCommandHandler
instanceKlass com/microsoft/jdtls/intellicode/core/pythia/PythiaModel
instanceKlass org/eclipse/jdt/ls/core/internal/handlers/CompletionContributionService
instanceKlass com/microsoft/jdtls/intellicode/core/ModelBasedRankingProvider
instanceKlass com/microsoft/jdtls/intellicode/core/pythia/PythiaModelLoader
instanceKlass com/microsoft/jdtls/intellicode/core/utils/StringUtils
instanceKlass org/eclipse/jdt/ls/core/contentassist/ICompletionRankingProvider
instanceKlass com/microsoft/jdtls/intellicode/core/IntelliCodeActivator
instanceKlass com/microsoft/jdtls/intellicode/core/CommandHandler
instanceKlass org/eclipse/lsp4j/ChangeAnnotation
instanceKlass org/eclipse/lsp4j/adapters/ResourceChangeListAdapter
instanceKlass org/eclipse/lsp4j/ResourceChange
instanceKlass org/eclipse/lsp4j/RenameFileOptions
instanceKlass org/eclipse/lsp4j/DeleteFileOptions
instanceKlass org/eclipse/lsp4j/CreateFileOptions
instanceKlass org/eclipse/lsp4j/adapters/ResourceOperationTypeAdapter
instanceKlass org/eclipse/lsp4j/adapters/VersionedTextDocumentIdentifierTypeAdapter$Factory
instanceKlass org/eclipse/lsp4j/jsonrpc/json/adapters/EitherTypeAdapter$PropertyChecker
instanceKlass org/eclipse/lsp4j/adapters/DocumentChangeListAdapter
instanceKlass org/eclipse/lsp4j/ResourceOperation
instanceKlass org/eclipse/lsp4j/TextDocumentEdit
instanceKlass org/eclipse/lsp4j/CodeActionDisabled
instanceKlass org/eclipse/jdt/ls/core/internal/handlers/ResponseStore$ResponseItem
instanceKlass org/eclipse/jdt/core/dom/rewrite/ListRewrite
instanceKlass org/eclipse/jdt/core/util/CompilationUnitSorter
instanceKlass org/eclipse/jdt/ls/core/internal/codemanipulation/DefaultJavaElementComparator
instanceKlass org/eclipse/jdt/ls/core/internal/Messages
instanceKlass org/eclipse/jdt/internal/corext/fix/CompilationUnitRewriteOperationsFixCore$CompilationUnitRewriteOperation
instanceKlass org/eclipse/jdt/internal/corext/fix/AbstractFixCore
instanceKlass org/eclipse/jdt/internal/corext/fix/ILinkedFixCore
instanceKlass org/eclipse/jdt/ls/core/internal/handlers/GenerateDelegateMethodsHandler
instanceKlass org/eclipse/jdt/ls/core/internal/codemanipulation/GenerateGetterSetterOperation
instanceKlass org/eclipse/jdt/ls/core/internal/text/correction/CodeActionComparator
instanceKlass org/eclipse/jdt/ls/core/internal/handlers/CodeActionProposal
instanceKlass org/eclipse/jdt/ls/core/internal/handlers/JdtDomModels$LspVariableBinding
instanceKlass org/eclipse/jdt/ls/core/internal/handlers/JdtDomModels
instanceKlass org/eclipse/jdt/ls/core/internal/handlers/JdtDomModels$LspMethodBinding
instanceKlass org/eclipse/jdt/core/dom/PackageBinding
instanceKlass org/eclipse/jdt/internal/corext/codemanipulation/StubUtility2Core
instanceKlass org/eclipse/jdt/ls/core/internal/handlers/GenerateConstructorsHandler
instanceKlass org/eclipse/jdt/ls/core/internal/text/correction/CodeActionUtility
instanceKlass org/eclipse/jdt/ls/core/internal/handlers/CodeActionHandler$CodeActionData
instanceKlass org/eclipse/jdt/ls/core/internal/corrections/proposals/JavadocTagsSubProcessor
instanceKlass org/eclipse/jdt/internal/ui/text/correction/QuickAssistProcessorUtil
instanceKlass org/eclipse/text/edits/TextEditVisitor
instanceKlass org/eclipse/jdt/ls/core/internal/corext/refactoring/RefactoringAvailabilityTester
instanceKlass org/eclipse/ltk/core/refactoring/GroupCategory
instanceKlass org/eclipse/ltk/core/refactoring/GroupCategorySet
instanceKlass org/eclipse/jdt/internal/corext/refactoring/changes/WorkspaceTracker$Listener
instanceKlass org/eclipse/jdt/internal/corext/refactoring/structure/constraints/SuperTypeConstraintsSolver
instanceKlass org/eclipse/jdt/internal/corext/util/CodeFormatterUtil
instanceKlass org/eclipse/jdt/internal/corext/codemanipulation/CodeGenerationSettings
instanceKlass org/eclipse/jdt/internal/corext/fix/LinkedProposalModelCore
instanceKlass org/eclipse/jdt/ls/core/internal/corext/refactoring/BodyUpdater
instanceKlass org/eclipse/jdt/internal/core/manipulation/dom/ASTResolving
instanceKlass org/eclipse/jdt/internal/corext/util/JavaModelUtil
instanceKlass org/eclipse/jdt/internal/core/dom/rewrite/NodeInfoStore$PlaceholderData
instanceKlass org/eclipse/jdt/internal/core/dom/rewrite/NodeInfoStore
instanceKlass org/eclipse/jdt/core/dom/rewrite/ITrackedNodePosition
instanceKlass org/eclipse/jdt/core/dom/rewrite/ASTRewrite
instanceKlass org/eclipse/jdt/internal/corext/refactoring/util/CommentAnalyzer
instanceKlass org/eclipse/jdt/internal/corext/dom/TokenScanner
instanceKlass org/eclipse/jdt/core/dom/rewrite/ImportRewrite
instanceKlass org/eclipse/jdt/core/manipulation/CodeStyleConfiguration
instanceKlass org/eclipse/core/expressions/EvaluationResult
instanceKlass org/eclipse/core/expressions/EvaluationContext
instanceKlass org/eclipse/core/internal/expressions/Expressions
instanceKlass org/eclipse/core/expressions/Expression
instanceKlass org/eclipse/core/expressions/ElementHandler
instanceKlass org/eclipse/core/expressions/ExpressionConverter
instanceKlass org/eclipse/core/expressions/IEvaluationContext
instanceKlass org/eclipse/core/internal/resources/mapping/ModelProviderDescriptor
instanceKlass org/eclipse/core/resources/mapping/IModelProviderDescriptor
instanceKlass org/eclipse/core/internal/resources/mapping/ModelProviderManager
instanceKlass org/eclipse/core/internal/resources/mapping/ChangeDescription
instanceKlass org/eclipse/core/internal/resources/mapping/ResourceChangeDescriptionFactory
instanceKlass org/eclipse/core/resources/mapping/IResourceChangeDescriptionFactory
instanceKlass org/eclipse/core/resources/mapping/ResourceChangeValidator
instanceKlass org/eclipse/ltk/core/refactoring/participants/ResourceChangeChecker
instanceKlass org/eclipse/ltk/core/refactoring/participants/IConditionChecker
instanceKlass org/eclipse/jdt/internal/corext/refactoring/structure/CompilationUnitRewrite
instanceKlass org/eclipse/ltk/core/refactoring/RefactoringStatusEntry
instanceKlass org/eclipse/jdt/internal/corext/dom/fragments/ASTFragment
instanceKlass org/eclipse/jdt/internal/corext/dom/fragments/IExpressionFragment
instanceKlass org/eclipse/jdt/internal/corext/dom/fragments/Util
instanceKlass org/eclipse/jdt/internal/corext/SourceRangeFactory
instanceKlass org/eclipse/jdt/internal/corext/dom/Selection
instanceKlass org/eclipse/jdt/internal/corext/dom/fragments/ASTFragmentFactory
instanceKlass org/eclipse/core/resources/ResourceAttributes
instanceKlass org/eclipse/jdt/internal/corext/util/Resources
instanceKlass org/eclipse/ltk/core/refactoring/RefactoringStatus
instanceKlass org/eclipse/jdt/internal/corext/refactoring/Checks
instanceKlass org/eclipse/jdt/internal/corext/refactoring/util/ResourceUtil
instanceKlass org/eclipse/ltk/core/refactoring/ChangeDescriptor
instanceKlass org/eclipse/jdt/internal/corext/dom/fragments/IASTFragment
instanceKlass org/eclipse/ltk/core/refactoring/RefactoringStatusContext
instanceKlass org/eclipse/jdt/core/dom/rewrite/TargetSourceRangeComputer
instanceKlass org/eclipse/jdt/internal/corext/dom/Bindings
instanceKlass org/eclipse/jdt/internal/corext/refactoring/tagging/IDelegateUpdating
instanceKlass org/eclipse/jdt/ls/core/internal/text/correction/RefactorProposalUtility
instanceKlass org/eclipse/jdt/ls/core/internal/corrections/InvertBooleanUtility$SimpleNameRenameProvider
instanceKlass org/eclipse/jdt/ls/core/internal/corrections/InvertBooleanUtility
instanceKlass org/eclipse/jdt/core/dom/NodeFinder
instanceKlass org/eclipse/jdt/ls/core/internal/handlers/CodeActionHandler$ChangeCorrectionProposalComparator
instanceKlass org/eclipse/jdt/internal/ui/text/correction/IProblemLocationCore
instanceKlass org/eclipse/jdt/core/dom/RecoveredTypeBinding
instanceKlass org/eclipse/jdt/ls/core/internal/semantictokens/SemanticTokensVisitor$SemanticToken
instanceKlass org/eclipse/jdt/ls/core/internal/corrections/InnovationContext
instanceKlass org/eclipse/jdt/ls/core/internal/semantictokens/SemanticTokensVisitor$NodeVisitor
instanceKlass org/eclipse/jdt/ls/core/internal/corrections/DiagnosticsHelper
instanceKlass org/eclipse/jdt/ls/core/internal/handlers/BaseDocumentLifeCycleHandler$DocumentMonitor
instanceKlass com/microsoft/java/test/plugin/util/ProjectTestUtils
instanceKlass com/google/gson/internal/$Gson$Types$GenericArrayTypeImpl
instanceKlass org/eclipse/jdt/ls/core/internal/commands/BuildPathCommand$SourcePath
instanceKlass org/eclipse/jdt/ls/core/internal/commands/BuildPathCommand$Result
instanceKlass org/eclipse/jdt/ls/core/internal/commands/BuildPathCommand
instanceKlass com/microsoft/java/test/plugin/handler/ClasspathUpdateHandler
instanceKlass com/microsoft/java/test/plugin/util/JUnitPlugin
instanceKlass org/eclipse/jdt/ls/core/internal/commands/ProjectCommand
instanceKlass com/microsoft/java/test/plugin/handler/TestDelegateCommandHandler
instanceKlass org/eclipse/jdt/ls/core/internal/JDTDelegateCommandHandler
instanceKlass org/eclipse/jdt/ls/core/internal/IDelegateCommandHandler
instanceKlass org/eclipse/jdt/ls/core/internal/handlers/WorkspaceExecuteCommandHandler$1
instanceKlass java/time/LocalTime$1
instanceKlass java/time/LocalDate$1
instanceKlass java/time/ZonedDateTime$1
instanceKlass java/util/Formatter$DateTime
instanceKlass java/util/logging/Level$RbAccess
instanceKlass java/lang/StackStreamFactory$FrameBuffer
instanceKlass java/lang/StackStreamFactory$1
instanceKlass java/lang/StackStreamFactory
instanceKlass java/util/logging/LogRecord$CallerFinder
instanceKlass java/time/chrono/AbstractChronology
instanceKlass java/time/chrono/Chronology
instanceKlass org/eclipse/jdt/internal/core/util/PublicScanner
instanceKlass org/eclipse/jdt/core/compiler/ITerminalSymbols
instanceKlass org/eclipse/jdt/core/util/ClassFileBytesDisassembler
instanceKlass org/eclipse/jdt/core/util/IClassFileReader
instanceKlass org/eclipse/jdt/core/compiler/IScanner
instanceKlass org/eclipse/jdt/core/util/IClassFileDisassembler
instanceKlass org/eclipse/jdt/core/ICodeFormatter
instanceKlass org/eclipse/jdt/core/ToolFactory
instanceKlass org/eclipse/jdt/ls/core/internal/handlers/FoldingRangeHandler
instanceKlass java/time/zone/Ser
instanceKlass java/time/zone/ZoneRulesProvider$1
instanceKlass java/time/zone/ZoneRulesProvider
instanceKlass java/util/logging/LogManager$CloseOnReset
instanceKlass java/util/logging/StreamHandler$1
instanceKlass java/util/logging/Handler$1
instanceKlass java/util/logging/ErrorManager
instanceKlass jdk/internal/logger/SimpleConsoleLogger$Formatting
instanceKlass java/util/logging/Formatter
instanceKlass java/time/Clock
instanceKlass java/time/InstantSource
instanceKlass java/util/logging/LogRecord
instanceKlass com/google/gson/internal/bind/NumberTypeAdapter$2
instanceKlass org/eclipse/lsp4j/ConfigurationItem
instanceKlass org/eclipse/jdt/ls/core/internal/handlers/ConfigurationHandler
instanceKlass org/eclipse/jdt/ls/core/internal/text/correction/NonProjectFixProcessor
instanceKlass org/eclipse/jdt/core/manipulation/ChangeCorrectionProposalCore
instanceKlass org/eclipse/jdt/core/manipulation/ICUCorrectionProposal
instanceKlass org/eclipse/jdt/internal/corext/fix/ICleanUpCore
instanceKlass org/eclipse/jdt/ls/core/internal/corrections/RefactorProcessor
instanceKlass org/eclipse/jdt/core/dom/rewrite/ImportRewrite$ImportRewriteContext
instanceKlass org/eclipse/jdt/internal/core/index/MetaIndex
